<?xml version="1.0" encoding="UTF-8" ?>
<testsuite failures="128" time="83.674" errors="0" skipped="0" tests="128" name="TestSuite">
  <properties>
    <property name="java.runtime.name" value="Java(TM) SE Runtime Environment"/>
    <property name="sun.boot.library.path" value="/Library/Java/JavaVirtualMachines/jdk1.7.0_79.jdk/Contents/Home/jre/lib"/>
    <property name="java.vm.version" value="24.79-b02"/>
    <property name="gopherProxySet" value="false"/>
    <property name="java.vm.vendor" value="Oracle Corporation"/>
    <property name="java.vendor.url" value="http://java.oracle.com/"/>
    <property name="path.separator" value=":"/>
    <property name="java.vm.name" value="Java HotSpot(TM) 64-Bit Server VM"/>
    <property name="file.encoding.pkg" value="sun.io"/>
    <property name="user.country" value="CN"/>
    <property name="sun.java.launcher" value="SUN_STANDARD"/>
    <property name="sun.os.patch.level" value="unknown"/>
    <property name="java.vm.specification.name" value="Java Virtual Machine Specification"/>
    <property name="user.dir" value="/Users/MLS/weiguan/MyGitRepo/weiguan_PayAutoTestNew"/>
    <property name="java.runtime.version" value="1.7.0_79-b15"/>
    <property name="java.awt.graphicsenv" value="sun.awt.CGraphicsEnvironment"/>
    <property name="basedir" value="/Users/MLS/weiguan/MyGitRepo/weiguan_PayAutoTestNew"/>
    <property name="java.endorsed.dirs" value="/Library/Java/JavaVirtualMachines/jdk1.7.0_79.jdk/Contents/Home/jre/lib/endorsed"/>
    <property name="os.arch" value="x86_64"/>
    <property name="surefire.real.class.path" value="/Users/MLS/weiguan/MyGitRepo/weiguan_PayAutoTestNew/target/surefire/surefirebooter4246139141914680824.jar"/>
    <property name="java.io.tmpdir" value="/var/folders/h4/l9bkmkfj0cdfcgy3lygmj6y00000gn/T/"/>
    <property name="line.separator" value="
"/>
    <property name="java.vm.specification.vendor" value="Oracle Corporation"/>
    <property name="os.name" value="Mac OS X"/>
    <property name="sun.jnu.encoding" value="UTF-8"/>
    <property name="java.library.path" value="/Users/MLS/Library/Java/Extensions:/Library/Java/Extensions:/Network/Library/Java/Extensions:/System/Library/Java/Extensions:/usr/lib/java:."/>
    <property name="surefire.test.class.path" value="/Users/MLS/weiguan/MyGitRepo/weiguan_PayAutoTestNew/target/test-classes:/Users/MLS/weiguan/MyGitRepo/weiguan_PayAutoTestNew/target/classes:/Users/MLS/.m2/repository/junit/junit/4.12/junit-4.12.jar:/Users/MLS/.m2/repository/org/hamcrest/hamcrest-core/1.3/hamcrest-core-1.3.jar:/Users/MLS/.m2/repository/org/testng/testng/6.9.4/testng-6.9.4.jar:/Users/MLS/.m2/repository/org/beanshell/bsh/2.0b4/bsh-2.0b4.jar:/Users/MLS/.m2/repository/com/beust/jcommander/1.48/jcommander-1.48.jar:/Users/MLS/.m2/repository/org/springframework/spring-test/3.1.1.RELEASE/spring-test-3.1.1.RELEASE.jar:/Users/MLS/.m2/repository/com/mls/pay/pay-channel-common/1.0.2/pay-channel-common-1.0.2.jar:/Users/MLS/.m2/repository/org/slf4j/slf4j-api/1.7.5/slf4j-api-1.7.5.jar:/Users/MLS/.m2/repository/ch/qos/logback/logback-classic/1.1.1/logback-classic-1.1.1.jar:/Users/MLS/.m2/repository/org/jdom/jdom2/2.0.5/jdom2-2.0.5.jar:/Users/MLS/.m2/repository/com/google/code/gson/gson/2.2.4/gson-2.2.4.jar:/Users/MLS/.m2/repository/net/sf/json-lib/json-lib/2.3/json-lib-2.3-jdk15.jar:/Users/MLS/.m2/repository/commons-collections/commons-collections/3.2.1/commons-collections-3.2.1.jar:/Users/MLS/.m2/repository/commons-logging/commons-logging/1.1.1/commons-logging-1.1.1.jar:/Users/MLS/.m2/repository/net/sf/ezmorph/ezmorph/1.0.6/ezmorph-1.0.6.jar:/Users/MLS/.m2/repository/org/apache/httpcomponents/httpclient/4.3.3/httpclient-4.3.3.jar:/Users/MLS/.m2/repository/org/apache/httpcomponents/httpcore/4.3.2/httpcore-4.3.2.jar:/Users/MLS/.m2/repository/commons-codec/commons-codec/1.6/commons-codec-1.6.jar:/Users/MLS/.m2/repository/org/apache/commons/commons-vfs2/2.0/commons-vfs2-2.0.jar:/Users/MLS/.m2/repository/org/apache/maven/scm/maven-scm-api/1.4/maven-scm-api-1.4.jar:/Users/MLS/.m2/repository/org/codehaus/plexus/plexus-utils/1.5.6/plexus-utils-1.5.6.jar:/Users/MLS/.m2/repository/org/apache/maven/scm/maven-scm-provider-svnexe/1.4/maven-scm-provider-svnexe-1.4.jar:/Users/MLS/.m2/repository/org/apache/maven/scm/maven-scm-provider-svn-commons/1.4/maven-scm-provider-svn-commons-1.4.jar:/Users/MLS/.m2/repository/regexp/regexp/1.3/regexp-1.3.jar:/Users/MLS/.m2/repository/com/jcraft/jsch/0.1.44-1/jsch-0.1.44-1.jar:/Users/MLS/.m2/repository/org/springframework/spring-beans/3.1.1.RELEASE/spring-beans-3.1.1.RELEASE.jar:/Users/MLS/.m2/repository/org/springframework/spring-core/3.1.1.RELEASE/spring-core-3.1.1.RELEASE.jar:/Users/MLS/.m2/repository/org/springframework/spring-context/3.1.1.RELEASE/spring-context-3.1.1.RELEASE.jar:/Users/MLS/.m2/repository/org/springframework/spring-aop/3.1.1.RELEASE/spring-aop-3.1.1.RELEASE.jar:/Users/MLS/.m2/repository/org/springframework/spring-expression/3.1.1.RELEASE/spring-expression-3.1.1.RELEASE.jar:/Users/MLS/.m2/repository/org/springframework/spring-asm/3.1.1.RELEASE/spring-asm-3.1.1.RELEASE.jar:/Users/MLS/.m2/repository/org/springframework/spring-context-support/3.1.1.RELEASE/spring-context-support-3.1.1.RELEASE.jar:/Users/MLS/.m2/repository/com/caucho/hessian/4.0.38/hessian-4.0.38.jar:/Users/MLS/.m2/repository/org/springframework/spring-web/3.1.1.RELEASE/spring-web-3.1.1.RELEASE.jar:/Users/MLS/.m2/repository/aopalliance/aopalliance/1.0/aopalliance-1.0.jar:/Users/MLS/.m2/repository/org/apache/commons/commons-lang3/3.1/commons-lang3-3.1.jar:/Users/MLS/.m2/repository/com/mls/pay/account/account-common/0.0.7/account-common-0.0.7.jar:/Users/MLS/.m2/repository/commons-beanutils/commons-beanutils/1.8.3/commons-beanutils-1.8.3.jar:/Users/MLS/.m2/repository/commons-lang/commons-lang/2.5/commons-lang-2.5.jar:/Users/MLS/.m2/repository/ch/qos/logback/logback-core/1.1.1/logback-core-1.1.1.jar:/Users/MLS/.m2/repository/com/alibaba/fastjson/1.1.38/fastjson-1.1.38.jar:/Users/MLS/.m2/repository/com/google/guava/guava/16.0.1/guava-16.0.1.jar:/Users/MLS/.m2/repository/com/mls/paymonitor/paymonitor-client-util/1.0-SNAPSHOT/paymonitor-client-util-1.0-SNAPSHOT.jar:/Users/MLS/.m2/repository/org/aspectj/aspectjweaver/1.6.12/aspectjweaver-1.6.12.jar:/Users/MLS/.m2/repository/org/aspectj/aspectjrt/1.6.11/aspectjrt-1.6.11.jar:/Users/MLS/.m2/repository/com/mls/paybase/paybase-common/1.0-SNAPSHOT/paybase-common-1.0-SNAPSHOT.jar:/Users/MLS/.m2/repository/commons-httpclient/commons-httpclient/3.1/commons-httpclient-3.1.jar:/Users/MLS/.m2/repository/com/mls/paycache/paycache-common/1.0-SNAPSHOT/paycache-common-1.0-SNAPSHOT.jar:/Users/MLS/.m2/repository/org/opensymphony/quartz/quartz-all/1.6.1/quartz-all-1.6.1.jar:/Users/MLS/.m2/repository/com/thoughtworks/xstream/xstream/1.3/xstream-1.3.jar:/Users/MLS/.m2/repository/xpp3/xpp3_min/1.1.4c/xpp3_min-1.1.4c.jar:/Users/MLS/.m2/repository/javax/servlet/servlet-api/2.4/servlet-api-2.4.jar:/Users/MLS/.m2/repository/org/springframework/spring-jdbc/3.1.1.RELEASE/spring-jdbc-3.1.1.RELEASE.jar:/Users/MLS/.m2/repository/org/springframework/spring-aspects/3.1.1.RELEASE/spring-aspects-3.1.1.RELEASE.jar:/Users/MLS/.m2/repository/org/springframework/spring-tx/3.1.1.RELEASE/spring-tx-3.1.1.RELEASE.jar:/Users/MLS/.m2/repository/org/springframework/spring-orm/3.1.1.RELEASE/spring-orm-3.1.1.RELEASE.jar:/Users/MLS/.m2/repository/com/mls/paycache/paycache-client-util/1.0-SNAPSHOT/paycache-client-util-1.0-SNAPSHOT.jar:/Users/MLS/.m2/repository/org/jboss/resteasy/resteasy-jaxrs/2.2.1.GA/resteasy-jaxrs-2.2.1.GA.jar:/Users/MLS/.m2/repository/org/jboss/resteasy/jaxrs-api/2.2.1.GA/jaxrs-api-2.2.1.GA.jar:/Users/MLS/.m2/repository/org/scannotation/scannotation/1.0.3/scannotation-1.0.3.jar:/Users/MLS/.m2/repository/javassist/javassist/3.12.1.GA/javassist-3.12.1.GA.jar:/Users/MLS/.m2/repository/javax/annotation/jsr250-api/1.0/jsr250-api-1.0.jar:/Users/MLS/.m2/repository/javax/activation/activation/1.1/activation-1.1.jar:/Users/MLS/.m2/repository/net/jcip/jcip-annotations/1.0/jcip-annotations-1.0.jar:/Users/MLS/.m2/repository/org/codehaus/jackson/jackson-core-asl/1.9.6/jackson-core-asl-1.9.6.jar:/Users/MLS/.m2/repository/org/codehaus/jackson/jackson-mapper-asl/1.9.6/jackson-mapper-asl-1.9.6.jar:/Users/MLS/.m2/repository/com/mls/pay-utils/2.2.08/pay-utils-2.2.08.jar:/Users/MLS/.m2/repository/net/sourceforge/jexcelapi/jxl/2.6.12/jxl-2.6.12.jar:/Users/MLS/.m2/repository/log4j/log4j/1.2.14/log4j-1.2.14.jar:/Users/MLS/.m2/repository/mysql/mysql-connector-java/5.1.18/mysql-connector-java-5.1.18.jar:/Users/MLS/.m2/repository/org/jdom/jdom/1.1/jdom-1.1.jar:"/>
    <property name="java.specification.name" value="Java Platform API Specification"/>
    <property name="java.class.version" value="51.0"/>
    <property name="sun.management.compiler" value="HotSpot 64-Bit Tiered Compilers"/>
    <property name="os.version" value="10.10.2"/>
    <property name="http.nonProxyHosts" value="local|*.local|169.254/16|*.169.254/16"/>
    <property name="user.home" value="/Users/MLS"/>
    <property name="user.timezone" value="Asia/Shanghai"/>
    <property name="java.awt.printerjob" value="sun.lwawt.macosx.CPrinterJob"/>
    <property name="java.specification.version" value="1.7"/>
    <property name="file.encoding" value="UTF-8"/>
    <property name="user.name" value="MLS"/>
    <property name="java.class.path" value="/Users/MLS/weiguan/MyGitRepo/weiguan_PayAutoTestNew/target/test-classes:/Users/MLS/weiguan/MyGitRepo/weiguan_PayAutoTestNew/target/classes:/Users/MLS/.m2/repository/junit/junit/4.12/junit-4.12.jar:/Users/MLS/.m2/repository/org/hamcrest/hamcrest-core/1.3/hamcrest-core-1.3.jar:/Users/MLS/.m2/repository/org/testng/testng/6.9.4/testng-6.9.4.jar:/Users/MLS/.m2/repository/org/beanshell/bsh/2.0b4/bsh-2.0b4.jar:/Users/MLS/.m2/repository/com/beust/jcommander/1.48/jcommander-1.48.jar:/Users/MLS/.m2/repository/org/springframework/spring-test/3.1.1.RELEASE/spring-test-3.1.1.RELEASE.jar:/Users/MLS/.m2/repository/com/mls/pay/pay-channel-common/1.0.2/pay-channel-common-1.0.2.jar:/Users/MLS/.m2/repository/org/slf4j/slf4j-api/1.7.5/slf4j-api-1.7.5.jar:/Users/MLS/.m2/repository/ch/qos/logback/logback-classic/1.1.1/logback-classic-1.1.1.jar:/Users/MLS/.m2/repository/org/jdom/jdom2/2.0.5/jdom2-2.0.5.jar:/Users/MLS/.m2/repository/com/google/code/gson/gson/2.2.4/gson-2.2.4.jar:/Users/MLS/.m2/repository/net/sf/json-lib/json-lib/2.3/json-lib-2.3-jdk15.jar:/Users/MLS/.m2/repository/commons-collections/commons-collections/3.2.1/commons-collections-3.2.1.jar:/Users/MLS/.m2/repository/commons-logging/commons-logging/1.1.1/commons-logging-1.1.1.jar:/Users/MLS/.m2/repository/net/sf/ezmorph/ezmorph/1.0.6/ezmorph-1.0.6.jar:/Users/MLS/.m2/repository/org/apache/httpcomponents/httpclient/4.3.3/httpclient-4.3.3.jar:/Users/MLS/.m2/repository/org/apache/httpcomponents/httpcore/4.3.2/httpcore-4.3.2.jar:/Users/MLS/.m2/repository/commons-codec/commons-codec/1.6/commons-codec-1.6.jar:/Users/MLS/.m2/repository/org/apache/commons/commons-vfs2/2.0/commons-vfs2-2.0.jar:/Users/MLS/.m2/repository/org/apache/maven/scm/maven-scm-api/1.4/maven-scm-api-1.4.jar:/Users/MLS/.m2/repository/org/codehaus/plexus/plexus-utils/1.5.6/plexus-utils-1.5.6.jar:/Users/MLS/.m2/repository/org/apache/maven/scm/maven-scm-provider-svnexe/1.4/maven-scm-provider-svnexe-1.4.jar:/Users/MLS/.m2/repository/org/apache/maven/scm/maven-scm-provider-svn-commons/1.4/maven-scm-provider-svn-commons-1.4.jar:/Users/MLS/.m2/repository/regexp/regexp/1.3/regexp-1.3.jar:/Users/MLS/.m2/repository/com/jcraft/jsch/0.1.44-1/jsch-0.1.44-1.jar:/Users/MLS/.m2/repository/org/springframework/spring-beans/3.1.1.RELEASE/spring-beans-3.1.1.RELEASE.jar:/Users/MLS/.m2/repository/org/springframework/spring-core/3.1.1.RELEASE/spring-core-3.1.1.RELEASE.jar:/Users/MLS/.m2/repository/org/springframework/spring-context/3.1.1.RELEASE/spring-context-3.1.1.RELEASE.jar:/Users/MLS/.m2/repository/org/springframework/spring-aop/3.1.1.RELEASE/spring-aop-3.1.1.RELEASE.jar:/Users/MLS/.m2/repository/org/springframework/spring-expression/3.1.1.RELEASE/spring-expression-3.1.1.RELEASE.jar:/Users/MLS/.m2/repository/org/springframework/spring-asm/3.1.1.RELEASE/spring-asm-3.1.1.RELEASE.jar:/Users/MLS/.m2/repository/org/springframework/spring-context-support/3.1.1.RELEASE/spring-context-support-3.1.1.RELEASE.jar:/Users/MLS/.m2/repository/com/caucho/hessian/4.0.38/hessian-4.0.38.jar:/Users/MLS/.m2/repository/org/springframework/spring-web/3.1.1.RELEASE/spring-web-3.1.1.RELEASE.jar:/Users/MLS/.m2/repository/aopalliance/aopalliance/1.0/aopalliance-1.0.jar:/Users/MLS/.m2/repository/org/apache/commons/commons-lang3/3.1/commons-lang3-3.1.jar:/Users/MLS/.m2/repository/com/mls/pay/account/account-common/0.0.7/account-common-0.0.7.jar:/Users/MLS/.m2/repository/commons-beanutils/commons-beanutils/1.8.3/commons-beanutils-1.8.3.jar:/Users/MLS/.m2/repository/commons-lang/commons-lang/2.5/commons-lang-2.5.jar:/Users/MLS/.m2/repository/ch/qos/logback/logback-core/1.1.1/logback-core-1.1.1.jar:/Users/MLS/.m2/repository/com/alibaba/fastjson/1.1.38/fastjson-1.1.38.jar:/Users/MLS/.m2/repository/com/google/guava/guava/16.0.1/guava-16.0.1.jar:/Users/MLS/.m2/repository/com/mls/paymonitor/paymonitor-client-util/1.0-SNAPSHOT/paymonitor-client-util-1.0-SNAPSHOT.jar:/Users/MLS/.m2/repository/org/aspectj/aspectjweaver/1.6.12/aspectjweaver-1.6.12.jar:/Users/MLS/.m2/repository/org/aspectj/aspectjrt/1.6.11/aspectjrt-1.6.11.jar:/Users/MLS/.m2/repository/com/mls/paybase/paybase-common/1.0-SNAPSHOT/paybase-common-1.0-SNAPSHOT.jar:/Users/MLS/.m2/repository/commons-httpclient/commons-httpclient/3.1/commons-httpclient-3.1.jar:/Users/MLS/.m2/repository/com/mls/paycache/paycache-common/1.0-SNAPSHOT/paycache-common-1.0-SNAPSHOT.jar:/Users/MLS/.m2/repository/org/opensymphony/quartz/quartz-all/1.6.1/quartz-all-1.6.1.jar:/Users/MLS/.m2/repository/com/thoughtworks/xstream/xstream/1.3/xstream-1.3.jar:/Users/MLS/.m2/repository/xpp3/xpp3_min/1.1.4c/xpp3_min-1.1.4c.jar:/Users/MLS/.m2/repository/javax/servlet/servlet-api/2.4/servlet-api-2.4.jar:/Users/MLS/.m2/repository/org/springframework/spring-jdbc/3.1.1.RELEASE/spring-jdbc-3.1.1.RELEASE.jar:/Users/MLS/.m2/repository/org/springframework/spring-aspects/3.1.1.RELEASE/spring-aspects-3.1.1.RELEASE.jar:/Users/MLS/.m2/repository/org/springframework/spring-tx/3.1.1.RELEASE/spring-tx-3.1.1.RELEASE.jar:/Users/MLS/.m2/repository/org/springframework/spring-orm/3.1.1.RELEASE/spring-orm-3.1.1.RELEASE.jar:/Users/MLS/.m2/repository/com/mls/paycache/paycache-client-util/1.0-SNAPSHOT/paycache-client-util-1.0-SNAPSHOT.jar:/Users/MLS/.m2/repository/org/jboss/resteasy/resteasy-jaxrs/2.2.1.GA/resteasy-jaxrs-2.2.1.GA.jar:/Users/MLS/.m2/repository/org/jboss/resteasy/jaxrs-api/2.2.1.GA/jaxrs-api-2.2.1.GA.jar:/Users/MLS/.m2/repository/org/scannotation/scannotation/1.0.3/scannotation-1.0.3.jar:/Users/MLS/.m2/repository/javassist/javassist/3.12.1.GA/javassist-3.12.1.GA.jar:/Users/MLS/.m2/repository/javax/annotation/jsr250-api/1.0/jsr250-api-1.0.jar:/Users/MLS/.m2/repository/javax/activation/activation/1.1/activation-1.1.jar:/Users/MLS/.m2/repository/net/jcip/jcip-annotations/1.0/jcip-annotations-1.0.jar:/Users/MLS/.m2/repository/org/codehaus/jackson/jackson-core-asl/1.9.6/jackson-core-asl-1.9.6.jar:/Users/MLS/.m2/repository/org/codehaus/jackson/jackson-mapper-asl/1.9.6/jackson-mapper-asl-1.9.6.jar:/Users/MLS/.m2/repository/com/mls/pay-utils/2.2.08/pay-utils-2.2.08.jar:/Users/MLS/.m2/repository/net/sourceforge/jexcelapi/jxl/2.6.12/jxl-2.6.12.jar:/Users/MLS/.m2/repository/log4j/log4j/1.2.14/log4j-1.2.14.jar:/Users/MLS/.m2/repository/mysql/mysql-connector-java/5.1.18/mysql-connector-java-5.1.18.jar:/Users/MLS/.m2/repository/org/jdom/jdom/1.1/jdom-1.1.jar:"/>
    <property name="java.vm.specification.version" value="1.7"/>
    <property name="sun.arch.data.model" value="64"/>
    <property name="java.home" value="/Library/Java/JavaVirtualMachines/jdk1.7.0_79.jdk/Contents/Home/jre"/>
    <property name="sun.java.command" value="/Users/MLS/weiguan/MyGitRepo/weiguan_PayAutoTestNew/target/surefire/surefirebooter4246139141914680824.jar /Users/MLS/weiguan/MyGitRepo/weiguan_PayAutoTestNew/target/surefire/surefire1848955503404416787tmp /Users/MLS/weiguan/MyGitRepo/weiguan_PayAutoTestNew/target/surefire/surefire2642536512614946454tmp"/>
    <property name="java.specification.vendor" value="Oracle Corporation"/>
    <property name="user.language" value="zh"/>
    <property name="awt.toolkit" value="sun.lwawt.macosx.LWCToolkit"/>
    <property name="java.vm.info" value="mixed mode"/>
    <property name="java.version" value="1.7.0_79"/>
    <property name="java.ext.dirs" value="/Users/MLS/Library/Java/Extensions:/Library/Java/JavaVirtualMachines/jdk1.7.0_79.jdk/Contents/Home/jre/lib/ext:/Library/Java/Extensions:/Network/Library/Java/Extensions:/System/Library/Java/Extensions:/usr/lib/java"/>
    <property name="sun.boot.class.path" value="/Library/Java/JavaVirtualMachines/jdk1.7.0_79.jdk/Contents/Home/jre/lib/resources.jar:/Library/Java/JavaVirtualMachines/jdk1.7.0_79.jdk/Contents/Home/jre/lib/rt.jar:/Library/Java/JavaVirtualMachines/jdk1.7.0_79.jdk/Contents/Home/jre/lib/sunrsasign.jar:/Library/Java/JavaVirtualMachines/jdk1.7.0_79.jdk/Contents/Home/jre/lib/jsse.jar:/Library/Java/JavaVirtualMachines/jdk1.7.0_79.jdk/Contents/Home/jre/lib/jce.jar:/Library/Java/JavaVirtualMachines/jdk1.7.0_79.jdk/Contents/Home/jre/lib/charsets.jar:/Library/Java/JavaVirtualMachines/jdk1.7.0_79.jdk/Contents/Home/jre/lib/jfr.jar:/Library/Java/JavaVirtualMachines/jdk1.7.0_79.jdk/Contents/Home/jre/classes"/>
    <property name="java.vendor" value="Oracle Corporation"/>
    <property name="localRepository" value="/Users/MLS/.m2/repository"/>
    <property name="file.separator" value="/"/>
    <property name="java.vendor.url.bug" value="http://bugreport.sun.com/bugreport/"/>
    <property name="sun.cpu.endian" value="little"/>
    <property name="sun.io.unicode.encoding" value="UnicodeBig"/>
    <property name="socksNonProxyHosts" value="local|*.local|169.254/16|*.169.254/16"/>
    <property name="ftp.nonProxyHosts" value="local|*.local|169.254/16|*.169.254/16"/>
    <property name="sun.cpu.isalist" value=""/>
  </properties>
  <testcase time="79.782" classname="com.mls.pay.access.testcase.NormalOrder_bak" name="normalorder">
    <failure type="java.lang.ExceptionInInitializerError">java.lang.ExceptionInInitializerError
	at com.mls.pay.access.common.CommonTest_bak.&lt;clinit&gt;(CommonTest_bak.java:21)
	at com.mls.pay.access.testcase.NormalOrder_bak.normalorder(NormalOrder_bak.java:61)
Caused by: java.lang.NullPointerException
	at com.mls.pay.access.common.CheckData.check_userAccount(CheckData.java:398)
	at com.mls.pay.access.common.CommonMethod.&lt;clinit&gt;(CommonMethod.java:115)
	... 38 more
</failure>
    <system-out>@HL
@HL-------------------------------------------------------
@HL T E S T S
@HL-------------------------------------------------------
@SLRunning TestSuite
methodname= normalorder
[yicheng.qalab]
[http://mpay.yicheng.qalab.meilishuo.com/payaccess/generatepayinfo, orderno&amp;merchantcode&amp;paytype&amp;usedamount&amp;payamount&amp;pmcode&amp;bankcode&amp;source&amp;version, http://mpay.yicheng.qalab.meilishuo.com/payaccess/order/pay, http://mpay.yicheng.qalab.meilishuo.com/payaccess/getchannellist, biztype&amp;merchantcode&amp;orderno&amp;source&amp;transtype&amp;version, http://mpay.yicheng.qalab.meilishuo.com/DanbaoCancel.do?, http://mpay.yicheng.qalab.meilishuo.com/DanbaoConfirm.do?, http://mpay.yicheng.qalab.meilishuo.com/RefundOrder.do?]
ok
hessian配置===========http://account-web.yicheng.qalab.meilishuo.com/hessian/syncKeepAccountBusinessFacade
</system-out>
    <system-err>log4j:WARN No appenders could be found for logger (org.springframework.core.env.StandardEnvironment).
log4j:WARN Please initialize the log4j system properly.
Warning:  Property storage name for 5 is empty - setting to Root Entry
com.mysql.jdbc.exceptions.jdbc4.CommunicationsException: Communications link failure

The last packet sent successfully to the server was 0 milliseconds ago. The driver has not received any packets from the server.
	at sun.reflect.NativeConstructorAccessorImpl.newInstance0(Native Method)
	at sun.reflect.NativeConstructorAccessorImpl.newInstance(NativeConstructorAccessorImpl.java:57)
	at sun.reflect.DelegatingConstructorAccessorImpl.newInstance(DelegatingConstructorAccessorImpl.java:45)
	at java.lang.reflect.Constructor.newInstance(Constructor.java:526)
	at com.mysql.jdbc.Util.handleNewInstance(Util.java:411)
	at com.mysql.jdbc.SQLError.createCommunicationsException(SQLError.java:1116)
	at com.mysql.jdbc.MysqlIO.&lt;init&gt;(MysqlIO.java:344)
	at com.mysql.jdbc.ConnectionImpl.coreConnect(ConnectionImpl.java:2332)
	at com.mysql.jdbc.ConnectionImpl.connectOneTryOnly(ConnectionImpl.java:2369)
	at com.mysql.jdbc.ConnectionImpl.createNewIO(ConnectionImpl.java:2153)
	at com.mysql.jdbc.ConnectionImpl.&lt;init&gt;(ConnectionImpl.java:792)
	at com.mysql.jdbc.JDBC4Connection.&lt;init&gt;(JDBC4Connection.java:47)
	at sun.reflect.NativeConstructorAccessorImpl.newInstance0(Native Method)
	at sun.reflect.NativeConstructorAccessorImpl.newInstance(NativeConstructorAccessorImpl.java:57)
	at sun.reflect.DelegatingConstructorAccessorImpl.newInstance(DelegatingConstructorAccessorImpl.java:45)
	at java.lang.reflect.Constructor.newInstance(Constructor.java:526)
	at com.mysql.jdbc.Util.handleNewInstance(Util.java:411)
	at com.mysql.jdbc.ConnectionImpl.getInstance(ConnectionImpl.java:381)
	at com.mysql.jdbc.NonRegisteringDriver.connect(NonRegisteringDriver.java:305)
	at java.sql.DriverManager.getConnection(DriverManager.java:571)
	at java.sql.DriverManager.getConnection(DriverManager.java:215)
	at com.mls.pay.access.common.ConnectDB.getConn(ConnectDB.java:129)
	at com.mls.pay.access.common.CheckData.check_userAccount(CheckData.java:397)
	at com.mls.pay.access.common.CommonMethod.&lt;clinit&gt;(CommonMethod.java:115)
	at com.mls.pay.access.common.CommonTest_bak.&lt;clinit&gt;(CommonTest_bak.java:21)
	at com.mls.pay.access.testcase.NormalOrder_bak.normalorder(NormalOrder_bak.java:61)
	at sun.reflect.NativeMethodAccessorImpl.invoke0(Native Method)
	at sun.reflect.NativeMethodAccessorImpl.invoke(NativeMethodAccessorImpl.java:57)
	at sun.reflect.DelegatingMethodAccessorImpl.invoke(DelegatingMethodAccessorImpl.java:43)
	at java.lang.reflect.Method.invoke(Method.java:606)
	at org.testng.internal.MethodInvocationHelper.invokeMethod(MethodInvocationHelper.java:85)
	at org.testng.internal.MethodInvocationHelper$1.runTestMethod(MethodInvocationHelper.java:200)
	at org.springframework.test.context.testng.AbstractTestNGSpringContextTests.run(AbstractTestNGSpringContextTests.java:158)
	at org.testng.internal.MethodInvocationHelper.invokeHookable(MethodInvocationHelper.java:212)
	at org.testng.internal.Invoker.invokeMethod(Invoker.java:652)
	at org.testng.internal.Invoker.invokeTestMethod(Invoker.java:845)
	at org.testng.internal.Invoker.invokeTestMethods(Invoker.java:1153)
	at org.testng.internal.TestMethodWorker.invokeTestMethods(TestMethodWorker.java:125)
	at org.testng.internal.TestMethodWorker.run(TestMethodWorker.java:108)
	at org.testng.TestRunner.privateRun(TestRunner.java:771)
	at org.testng.TestRunner.run(TestRunner.java:621)
	at org.testng.SuiteRunner.runTest(SuiteRunner.java:357)
	at org.testng.SuiteRunner.runSequentially(SuiteRunner.java:352)
	at org.testng.SuiteRunner.privateRun(SuiteRunner.java:310)
	at org.testng.SuiteRunner.run(SuiteRunner.java:259)
	at org.testng.SuiteRunnerWorker.runSuite(SuiteRunnerWorker.java:52)
	at org.testng.SuiteRunnerWorker.run(SuiteRunnerWorker.java:86)
	at org.testng.TestNG.runSuitesSequentially(TestNG.java:1199)
	at org.testng.TestNG.runSuitesLocally(TestNG.java:1124)
	at org.testng.TestNG.run(TestNG.java:1032)
	at org.apache.maven.surefire.testng.TestNGExecutor.run(TestNGExecutor.java:74)
	at org.apache.maven.surefire.testng.TestNGXmlTestSuite.execute(TestNGXmlTestSuite.java:93)
	at org.apache.maven.surefire.testng.TestNGProvider.invoke(TestNGProvider.java:101)
	at sun.reflect.NativeMethodAccessorImpl.invoke0(Native Method)
	at sun.reflect.NativeMethodAccessorImpl.invoke(NativeMethodAccessorImpl.java:57)
	at sun.reflect.DelegatingMethodAccessorImpl.invoke(DelegatingMethodAccessorImpl.java:43)
	at java.lang.reflect.Method.invoke(Method.java:606)
	at org.apache.maven.surefire.booter.ProviderFactory$ClassLoaderProxy.invoke(ProviderFactory.java:103)
	at com.sun.proxy.$Proxy0.invoke(Unknown Source)
	at org.apache.maven.surefire.booter.SurefireStarter.invokeProvider(SurefireStarter.java:145)
	at org.apache.maven.surefire.booter.SurefireStarter.runSuitesInProcess(SurefireStarter.java:87)
	at org.apache.maven.surefire.booter.ForkedBooter.main(ForkedBooter.java:69)
Caused by: java.net.ConnectException: Operation timed out
	at java.net.PlainSocketImpl.socketConnect(Native Method)
	at java.net.AbstractPlainSocketImpl.doConnect(AbstractPlainSocketImpl.java:339)
	at java.net.AbstractPlainSocketImpl.connectToAddress(AbstractPlainSocketImpl.java:200)
	at java.net.AbstractPlainSocketImpl.connect(AbstractPlainSocketImpl.java:182)
	at java.net.SocksSocketImpl.connect(SocksSocketImpl.java:392)
	at java.net.Socket.connect(Socket.java:579)
	at java.net.Socket.connect(Socket.java:528)
	at java.net.Socket.&lt;init&gt;(Socket.java:425)
	at java.net.Socket.&lt;init&gt;(Socket.java:241)
	at com.mysql.jdbc.StandardSocketFactory.connect(StandardSocketFactory.java:257)
	at com.mysql.jdbc.MysqlIO.&lt;init&gt;(MysqlIO.java:294)
	... 55 more
</system-err>
  </testcase>
  <testcase time="0.001" classname="com.mls.pay.access.testcase.NormalOrder_bak" name="normalorder">
    <failure message="Could not initialize class com.mls.pay.access.common.CommonTest_bak" type="java.lang.NoClassDefFoundError">java.lang.NoClassDefFoundError: Could not initialize class com.mls.pay.access.common.CommonTest_bak
	at com.mls.pay.access.testcase.NormalOrder_bak.normalorder(NormalOrder_bak.java:61)
</failure>
  </testcase>
  <testcase time="0.001" classname="com.mls.pay.access.testcase.NormalOrder_bak" name="normalorder">
    <failure message="Could not initialize class com.mls.pay.access.common.CommonTest_bak" type="java.lang.NoClassDefFoundError">java.lang.NoClassDefFoundError: Could not initialize class com.mls.pay.access.common.CommonTest_bak
	at com.mls.pay.access.testcase.NormalOrder_bak.normalorder(NormalOrder_bak.java:61)
</failure>
  </testcase>
  <testcase time="0.001" classname="com.mls.pay.access.testcase.NormalOrder_bak" name="normalorder">
    <failure message="Could not initialize class com.mls.pay.access.common.CommonTest_bak" type="java.lang.NoClassDefFoundError">java.lang.NoClassDefFoundError: Could not initialize class com.mls.pay.access.common.CommonTest_bak
	at com.mls.pay.access.testcase.NormalOrder_bak.normalorder(NormalOrder_bak.java:61)
</failure>
  </testcase>
  <testcase time="0.001" classname="com.mls.pay.access.testcase.NormalOrder_bak" name="normalorder">
    <failure message="Could not initialize class com.mls.pay.access.common.CommonTest_bak" type="java.lang.NoClassDefFoundError">java.lang.NoClassDefFoundError: Could not initialize class com.mls.pay.access.common.CommonTest_bak
	at com.mls.pay.access.testcase.NormalOrder_bak.normalorder(NormalOrder_bak.java:61)
</failure>
  </testcase>
  <testcase time="0.003" classname="com.mls.pay.access.testcase.NormalOrder_bak" name="normalorder">
    <failure message="Could not initialize class com.mls.pay.access.common.CommonTest_bak" type="java.lang.NoClassDefFoundError">java.lang.NoClassDefFoundError: Could not initialize class com.mls.pay.access.common.CommonTest_bak
	at com.mls.pay.access.testcase.NormalOrder_bak.normalorder(NormalOrder_bak.java:61)
</failure>
  </testcase>
  <testcase time="0.002" classname="com.mls.pay.access.testcase.NormalOrder_bak" name="normalorder">
    <failure message="Could not initialize class com.mls.pay.access.common.CommonTest_bak" type="java.lang.NoClassDefFoundError">java.lang.NoClassDefFoundError: Could not initialize class com.mls.pay.access.common.CommonTest_bak
	at com.mls.pay.access.testcase.NormalOrder_bak.normalorder(NormalOrder_bak.java:61)
</failure>
  </testcase>
  <testcase time="0.001" classname="com.mls.pay.access.testcase.NormalOrder_bak" name="normalorder">
    <failure message="Could not initialize class com.mls.pay.access.common.CommonTest_bak" type="java.lang.NoClassDefFoundError">java.lang.NoClassDefFoundError: Could not initialize class com.mls.pay.access.common.CommonTest_bak
	at com.mls.pay.access.testcase.NormalOrder_bak.normalorder(NormalOrder_bak.java:61)
</failure>
  </testcase>
  <testcase time="0.002" classname="com.mls.pay.access.testcase.NormalOrder_bak" name="normalorder">
    <failure message="Could not initialize class com.mls.pay.access.common.CommonTest_bak" type="java.lang.NoClassDefFoundError">java.lang.NoClassDefFoundError: Could not initialize class com.mls.pay.access.common.CommonTest_bak
	at com.mls.pay.access.testcase.NormalOrder_bak.normalorder(NormalOrder_bak.java:61)
</failure>
  </testcase>
  <testcase time="0.002" classname="com.mls.pay.access.testcase.NormalOrder_bak" name="normalorder">
    <failure message="Could not initialize class com.mls.pay.access.common.CommonTest_bak" type="java.lang.NoClassDefFoundError">java.lang.NoClassDefFoundError: Could not initialize class com.mls.pay.access.common.CommonTest_bak
	at com.mls.pay.access.testcase.NormalOrder_bak.normalorder(NormalOrder_bak.java:61)
</failure>
  </testcase>
  <testcase time="0.001" classname="com.mls.pay.access.testcase.NormalOrder_bak" name="normalorder">
    <failure message="Could not initialize class com.mls.pay.access.common.CommonTest_bak" type="java.lang.NoClassDefFoundError">java.lang.NoClassDefFoundError: Could not initialize class com.mls.pay.access.common.CommonTest_bak
	at com.mls.pay.access.testcase.NormalOrder_bak.normalorder(NormalOrder_bak.java:61)
</failure>
  </testcase>
  <testcase time="0.001" classname="com.mls.pay.access.testcase.NormalOrder_bak" name="normalorder">
    <failure message="Could not initialize class com.mls.pay.access.common.CommonTest_bak" type="java.lang.NoClassDefFoundError">java.lang.NoClassDefFoundError: Could not initialize class com.mls.pay.access.common.CommonTest_bak
	at com.mls.pay.access.testcase.NormalOrder_bak.normalorder(NormalOrder_bak.java:61)
</failure>
  </testcase>
  <testcase time="0.001" classname="com.mls.pay.access.testcase.NormalOrder_bak" name="normalorder">
    <failure message="Could not initialize class com.mls.pay.access.common.CommonTest_bak" type="java.lang.NoClassDefFoundError">java.lang.NoClassDefFoundError: Could not initialize class com.mls.pay.access.common.CommonTest_bak
	at com.mls.pay.access.testcase.NormalOrder_bak.normalorder(NormalOrder_bak.java:61)
</failure>
  </testcase>
  <testcase time="0.002" classname="com.mls.pay.access.testcase.NormalOrder_bak" name="normalorder">
    <failure message="Could not initialize class com.mls.pay.access.common.CommonTest_bak" type="java.lang.NoClassDefFoundError">java.lang.NoClassDefFoundError: Could not initialize class com.mls.pay.access.common.CommonTest_bak
	at com.mls.pay.access.testcase.NormalOrder_bak.normalorder(NormalOrder_bak.java:61)
</failure>
  </testcase>
  <testcase time="0.001" classname="com.mls.pay.access.testcase.NormalOrder_bak" name="normalorder">
    <failure message="Could not initialize class com.mls.pay.access.common.CommonTest_bak" type="java.lang.NoClassDefFoundError">java.lang.NoClassDefFoundError: Could not initialize class com.mls.pay.access.common.CommonTest_bak
	at com.mls.pay.access.testcase.NormalOrder_bak.normalorder(NormalOrder_bak.java:61)
</failure>
  </testcase>
  <testcase time="0.001" classname="com.mls.pay.access.testcase.NormalOrder_bak" name="normalorder">
    <failure message="Could not initialize class com.mls.pay.access.common.CommonTest_bak" type="java.lang.NoClassDefFoundError">java.lang.NoClassDefFoundError: Could not initialize class com.mls.pay.access.common.CommonTest_bak
	at com.mls.pay.access.testcase.NormalOrder_bak.normalorder(NormalOrder_bak.java:61)
</failure>
  </testcase>
  <testcase time="0.002" classname="com.mls.pay.access.testcase.NormalOrder_bak" name="normalorder">
    <failure message="Could not initialize class com.mls.pay.access.common.CommonTest_bak" type="java.lang.NoClassDefFoundError">java.lang.NoClassDefFoundError: Could not initialize class com.mls.pay.access.common.CommonTest_bak
	at com.mls.pay.access.testcase.NormalOrder_bak.normalorder(NormalOrder_bak.java:61)
</failure>
  </testcase>
  <testcase time="0.001" classname="com.mls.pay.access.testcase.NormalOrder_bak" name="normalorder">
    <failure message="Could not initialize class com.mls.pay.access.common.CommonTest_bak" type="java.lang.NoClassDefFoundError">java.lang.NoClassDefFoundError: Could not initialize class com.mls.pay.access.common.CommonTest_bak
	at com.mls.pay.access.testcase.NormalOrder_bak.normalorder(NormalOrder_bak.java:61)
</failure>
  </testcase>
  <testcase time="0.001" classname="com.mls.pay.access.testcase.NormalOrder_bak" name="normalorder">
    <failure message="Could not initialize class com.mls.pay.access.common.CommonTest_bak" type="java.lang.NoClassDefFoundError">java.lang.NoClassDefFoundError: Could not initialize class com.mls.pay.access.common.CommonTest_bak
	at com.mls.pay.access.testcase.NormalOrder_bak.normalorder(NormalOrder_bak.java:61)
</failure>
  </testcase>
  <testcase time="0.002" classname="com.mls.pay.access.testcase.NormalOrder_bak" name="normalorder">
    <failure message="Could not initialize class com.mls.pay.access.common.CommonTest_bak" type="java.lang.NoClassDefFoundError">java.lang.NoClassDefFoundError: Could not initialize class com.mls.pay.access.common.CommonTest_bak
	at com.mls.pay.access.testcase.NormalOrder_bak.normalorder(NormalOrder_bak.java:61)
</failure>
  </testcase>
  <testcase time="0.002" classname="com.mls.pay.access.testcase.NormalOrder_bak" name="normalorder">
    <failure message="Could not initialize class com.mls.pay.access.common.CommonTest_bak" type="java.lang.NoClassDefFoundError">java.lang.NoClassDefFoundError: Could not initialize class com.mls.pay.access.common.CommonTest_bak
	at com.mls.pay.access.testcase.NormalOrder_bak.normalorder(NormalOrder_bak.java:61)
</failure>
  </testcase>
  <testcase time="0.002" classname="com.mls.pay.access.testcase.NormalOrder_bak" name="normalorder">
    <failure message="Could not initialize class com.mls.pay.access.common.CommonTest_bak" type="java.lang.NoClassDefFoundError">java.lang.NoClassDefFoundError: Could not initialize class com.mls.pay.access.common.CommonTest_bak
	at com.mls.pay.access.testcase.NormalOrder_bak.normalorder(NormalOrder_bak.java:61)
</failure>
  </testcase>
  <testcase time="0.001" classname="com.mls.pay.access.testcase.NormalOrder_bak" name="normalorder">
    <failure message="Could not initialize class com.mls.pay.access.common.CommonTest_bak" type="java.lang.NoClassDefFoundError">java.lang.NoClassDefFoundError: Could not initialize class com.mls.pay.access.common.CommonTest_bak
	at com.mls.pay.access.testcase.NormalOrder_bak.normalorder(NormalOrder_bak.java:61)
</failure>
  </testcase>
  <testcase time="0.001" classname="com.mls.pay.access.testcase.NormalOrder_bak" name="normalorder">
    <failure message="Could not initialize class com.mls.pay.access.common.CommonTest_bak" type="java.lang.NoClassDefFoundError">java.lang.NoClassDefFoundError: Could not initialize class com.mls.pay.access.common.CommonTest_bak
	at com.mls.pay.access.testcase.NormalOrder_bak.normalorder(NormalOrder_bak.java:61)
</failure>
  </testcase>
  <testcase time="0.001" classname="com.mls.pay.access.testcase.NormalOrder_bak" name="normalorder">
    <failure message="Could not initialize class com.mls.pay.access.common.CommonTest_bak" type="java.lang.NoClassDefFoundError">java.lang.NoClassDefFoundError: Could not initialize class com.mls.pay.access.common.CommonTest_bak
	at com.mls.pay.access.testcase.NormalOrder_bak.normalorder(NormalOrder_bak.java:61)
</failure>
  </testcase>
  <testcase time="0" classname="com.mls.pay.access.testcase.NormalOrder_bak" name="normalorder">
    <failure message="Could not initialize class com.mls.pay.access.common.CommonTest_bak" type="java.lang.NoClassDefFoundError">java.lang.NoClassDefFoundError: Could not initialize class com.mls.pay.access.common.CommonTest_bak
	at com.mls.pay.access.testcase.NormalOrder_bak.normalorder(NormalOrder_bak.java:61)
</failure>
  </testcase>
  <testcase time="0.001" classname="com.mls.pay.access.testcase.NormalOrder_bak" name="normalorder">
    <failure message="Could not initialize class com.mls.pay.access.common.CommonTest_bak" type="java.lang.NoClassDefFoundError">java.lang.NoClassDefFoundError: Could not initialize class com.mls.pay.access.common.CommonTest_bak
	at com.mls.pay.access.testcase.NormalOrder_bak.normalorder(NormalOrder_bak.java:61)
</failure>
  </testcase>
  <testcase time="0.001" classname="com.mls.pay.access.testcase.NormalOrder_bak" name="normalorder">
    <failure message="Could not initialize class com.mls.pay.access.common.CommonTest_bak" type="java.lang.NoClassDefFoundError">java.lang.NoClassDefFoundError: Could not initialize class com.mls.pay.access.common.CommonTest_bak
	at com.mls.pay.access.testcase.NormalOrder_bak.normalorder(NormalOrder_bak.java:61)
</failure>
  </testcase>
  <testcase time="0.001" classname="com.mls.pay.access.testcase.WalletPay_bak" name="walletpay">
    <failure message="Could not initialize class com.mls.pay.access.common.CommonTest_bak" type="java.lang.NoClassDefFoundError">java.lang.NoClassDefFoundError: Could not initialize class com.mls.pay.access.common.CommonTest_bak
	at com.mls.pay.access.testcase.WalletPay_bak.walletpay(WalletPay_bak.java:57)
</failure>
    <system-out>methodname= walletpay
</system-out>
    <system-err>Warning:  Property storage name for 5 is empty - setting to Root Entry
</system-err>
  </testcase>
  <testcase time="0.001" classname="com.mls.pay.access.testcase.WalletPay_bak" name="walletpay">
    <failure message="Could not initialize class com.mls.pay.access.common.CommonTest_bak" type="java.lang.NoClassDefFoundError">java.lang.NoClassDefFoundError: Could not initialize class com.mls.pay.access.common.CommonTest_bak
	at com.mls.pay.access.testcase.WalletPay_bak.walletpay(WalletPay_bak.java:57)
</failure>
  </testcase>
  <testcase time="0.001" classname="com.mls.pay.access.testcase.WalletPay_bak" name="walletpay">
    <failure message="Could not initialize class com.mls.pay.access.common.CommonTest_bak" type="java.lang.NoClassDefFoundError">java.lang.NoClassDefFoundError: Could not initialize class com.mls.pay.access.common.CommonTest_bak
	at com.mls.pay.access.testcase.WalletPay_bak.walletpay(WalletPay_bak.java:57)
</failure>
  </testcase>
  <testcase time="0.001" classname="com.mls.pay.access.testcase.WalletPay_bak" name="walletpay">
    <failure message="Could not initialize class com.mls.pay.access.common.CommonTest_bak" type="java.lang.NoClassDefFoundError">java.lang.NoClassDefFoundError: Could not initialize class com.mls.pay.access.common.CommonTest_bak
	at com.mls.pay.access.testcase.WalletPay_bak.walletpay(WalletPay_bak.java:57)
</failure>
  </testcase>
  <testcase time="0.001" classname="com.mls.pay.access.testcase.WalletPay_bak" name="walletpay">
    <failure message="Could not initialize class com.mls.pay.access.common.CommonTest_bak" type="java.lang.NoClassDefFoundError">java.lang.NoClassDefFoundError: Could not initialize class com.mls.pay.access.common.CommonTest_bak
	at com.mls.pay.access.testcase.WalletPay_bak.walletpay(WalletPay_bak.java:57)
</failure>
  </testcase>
  <testcase time="0.001" classname="com.mls.pay.access.testcase.WalletPay_bak" name="walletpay">
    <failure message="Could not initialize class com.mls.pay.access.common.CommonTest_bak" type="java.lang.NoClassDefFoundError">java.lang.NoClassDefFoundError: Could not initialize class com.mls.pay.access.common.CommonTest_bak
	at com.mls.pay.access.testcase.WalletPay_bak.walletpay(WalletPay_bak.java:57)
</failure>
  </testcase>
  <testcase time="0.001" classname="com.mls.pay.access.testcase.WalletPay_bak" name="walletpay">
    <failure message="Could not initialize class com.mls.pay.access.common.CommonTest_bak" type="java.lang.NoClassDefFoundError">java.lang.NoClassDefFoundError: Could not initialize class com.mls.pay.access.common.CommonTest_bak
	at com.mls.pay.access.testcase.WalletPay_bak.walletpay(WalletPay_bak.java:57)
</failure>
  </testcase>
  <testcase time="0.001" classname="com.mls.pay.access.testcase.WalletPay_bak" name="walletpay">
    <failure message="Could not initialize class com.mls.pay.access.common.CommonTest_bak" type="java.lang.NoClassDefFoundError">java.lang.NoClassDefFoundError: Could not initialize class com.mls.pay.access.common.CommonTest_bak
	at com.mls.pay.access.testcase.WalletPay_bak.walletpay(WalletPay_bak.java:57)
</failure>
  </testcase>
  <testcase time="0.002" classname="com.mls.pay.access.testcase.WalletPay_bak" name="walletpay">
    <failure message="Could not initialize class com.mls.pay.access.common.CommonTest_bak" type="java.lang.NoClassDefFoundError">java.lang.NoClassDefFoundError: Could not initialize class com.mls.pay.access.common.CommonTest_bak
	at com.mls.pay.access.testcase.WalletPay_bak.walletpay(WalletPay_bak.java:57)
</failure>
  </testcase>
  <testcase time="0.001" classname="com.mls.pay.access.testcase.WalletPay_bak" name="walletpay">
    <failure message="Could not initialize class com.mls.pay.access.common.CommonTest_bak" type="java.lang.NoClassDefFoundError">java.lang.NoClassDefFoundError: Could not initialize class com.mls.pay.access.common.CommonTest_bak
	at com.mls.pay.access.testcase.WalletPay_bak.walletpay(WalletPay_bak.java:57)
</failure>
  </testcase>
  <testcase time="0.002" classname="com.mls.pay.access.testcase.WalletPay_bak" name="walletpay">
    <failure message="Could not initialize class com.mls.pay.access.common.CommonTest_bak" type="java.lang.NoClassDefFoundError">java.lang.NoClassDefFoundError: Could not initialize class com.mls.pay.access.common.CommonTest_bak
	at com.mls.pay.access.testcase.WalletPay_bak.walletpay(WalletPay_bak.java:57)
</failure>
  </testcase>
  <testcase time="0.001" classname="com.mls.pay.access.testcase.WalletPay_bak" name="walletpay">
    <failure message="Could not initialize class com.mls.pay.access.common.CommonTest_bak" type="java.lang.NoClassDefFoundError">java.lang.NoClassDefFoundError: Could not initialize class com.mls.pay.access.common.CommonTest_bak
	at com.mls.pay.access.testcase.WalletPay_bak.walletpay(WalletPay_bak.java:57)
</failure>
  </testcase>
  <testcase time="0.002" classname="com.mls.pay.access.testcase.WalletPay_bak" name="walletpay">
    <failure message="Could not initialize class com.mls.pay.access.common.CommonTest_bak" type="java.lang.NoClassDefFoundError">java.lang.NoClassDefFoundError: Could not initialize class com.mls.pay.access.common.CommonTest_bak
	at com.mls.pay.access.testcase.WalletPay_bak.walletpay(WalletPay_bak.java:57)
</failure>
  </testcase>
  <testcase time="0.001" classname="com.mls.pay.access.testcase.WalletPay_bak" name="walletpay">
    <failure message="Could not initialize class com.mls.pay.access.common.CommonTest_bak" type="java.lang.NoClassDefFoundError">java.lang.NoClassDefFoundError: Could not initialize class com.mls.pay.access.common.CommonTest_bak
	at com.mls.pay.access.testcase.WalletPay_bak.walletpay(WalletPay_bak.java:57)
</failure>
  </testcase>
  <testcase time="0.001" classname="com.mls.pay.access.testcase.WalletPay_bak" name="walletpay">
    <failure message="Could not initialize class com.mls.pay.access.common.CommonTest_bak" type="java.lang.NoClassDefFoundError">java.lang.NoClassDefFoundError: Could not initialize class com.mls.pay.access.common.CommonTest_bak
	at com.mls.pay.access.testcase.WalletPay_bak.walletpay(WalletPay_bak.java:57)
</failure>
  </testcase>
  <testcase time="0.002" classname="com.mls.pay.access.testcase.WalletPay_bak" name="walletpay">
    <failure message="Could not initialize class com.mls.pay.access.common.CommonTest_bak" type="java.lang.NoClassDefFoundError">java.lang.NoClassDefFoundError: Could not initialize class com.mls.pay.access.common.CommonTest_bak
	at com.mls.pay.access.testcase.WalletPay_bak.walletpay(WalletPay_bak.java:57)
</failure>
  </testcase>
  <testcase time="0.001" classname="com.mls.pay.access.testcase.WalletPay_bak" name="walletpay">
    <failure message="Could not initialize class com.mls.pay.access.common.CommonTest_bak" type="java.lang.NoClassDefFoundError">java.lang.NoClassDefFoundError: Could not initialize class com.mls.pay.access.common.CommonTest_bak
	at com.mls.pay.access.testcase.WalletPay_bak.walletpay(WalletPay_bak.java:57)
</failure>
  </testcase>
  <testcase time="0.009" classname="com.mls.pay.access.testcase.WalletPay_bak" name="walletpay">
    <failure message="Could not initialize class com.mls.pay.access.common.CommonTest_bak" type="java.lang.NoClassDefFoundError">java.lang.NoClassDefFoundError: Could not initialize class com.mls.pay.access.common.CommonTest_bak
	at com.mls.pay.access.testcase.WalletPay_bak.walletpay(WalletPay_bak.java:57)
</failure>
  </testcase>
  <testcase time="0.001" classname="com.mls.pay.access.testcase.WalletPay_bak" name="walletpay">
    <failure message="Could not initialize class com.mls.pay.access.common.CommonTest_bak" type="java.lang.NoClassDefFoundError">java.lang.NoClassDefFoundError: Could not initialize class com.mls.pay.access.common.CommonTest_bak
	at com.mls.pay.access.testcase.WalletPay_bak.walletpay(WalletPay_bak.java:57)
</failure>
  </testcase>
  <testcase time="0.008" classname="com.mls.pay.access.testcase.WalletPay_bak" name="walletpay">
    <failure message="Could not initialize class com.mls.pay.access.common.CommonTest_bak" type="java.lang.NoClassDefFoundError">java.lang.NoClassDefFoundError: Could not initialize class com.mls.pay.access.common.CommonTest_bak
	at com.mls.pay.access.testcase.WalletPay_bak.walletpay(WalletPay_bak.java:57)
</failure>
  </testcase>
  <testcase time="0.001" classname="com.mls.pay.access.testcase.FreightCoupon_bak" name="freightcoupon">
    <failure message="Could not initialize class com.mls.pay.access.common.CommonTest_bak" type="java.lang.NoClassDefFoundError">java.lang.NoClassDefFoundError: Could not initialize class com.mls.pay.access.common.CommonTest_bak
	at com.mls.pay.access.testcase.FreightCoupon_bak.freightcoupon(FreightCoupon_bak.java:63)
</failure>
    <system-out>methodname= freightcoupon
</system-out>
    <system-err>Warning:  Property storage name for 5 is empty - setting to Root Entry
</system-err>
  </testcase>
  <testcase time="0.001" classname="com.mls.pay.access.testcase.FreightCoupon_bak" name="freightcoupon">
    <failure message="Could not initialize class com.mls.pay.access.common.CommonTest_bak" type="java.lang.NoClassDefFoundError">java.lang.NoClassDefFoundError: Could not initialize class com.mls.pay.access.common.CommonTest_bak
	at com.mls.pay.access.testcase.FreightCoupon_bak.freightcoupon(FreightCoupon_bak.java:63)
</failure>
  </testcase>
  <testcase time="0" classname="com.mls.pay.access.testcase.FreightCoupon_bak" name="freightcoupon">
    <failure message="Could not initialize class com.mls.pay.access.common.CommonTest_bak" type="java.lang.NoClassDefFoundError">java.lang.NoClassDefFoundError: Could not initialize class com.mls.pay.access.common.CommonTest_bak
	at com.mls.pay.access.testcase.FreightCoupon_bak.freightcoupon(FreightCoupon_bak.java:63)
</failure>
  </testcase>
  <testcase time="0" classname="com.mls.pay.access.testcase.FreightCoupon_bak" name="freightcoupon">
    <failure message="Could not initialize class com.mls.pay.access.common.CommonTest_bak" type="java.lang.NoClassDefFoundError">java.lang.NoClassDefFoundError: Could not initialize class com.mls.pay.access.common.CommonTest_bak
	at com.mls.pay.access.testcase.FreightCoupon_bak.freightcoupon(FreightCoupon_bak.java:63)
</failure>
  </testcase>
  <testcase time="0" classname="com.mls.pay.access.testcase.FreightCoupon_bak" name="freightcoupon">
    <failure message="Could not initialize class com.mls.pay.access.common.CommonTest_bak" type="java.lang.NoClassDefFoundError">java.lang.NoClassDefFoundError: Could not initialize class com.mls.pay.access.common.CommonTest_bak
	at com.mls.pay.access.testcase.FreightCoupon_bak.freightcoupon(FreightCoupon_bak.java:63)
</failure>
  </testcase>
  <testcase time="0.001" classname="com.mls.pay.access.testcase.FreightCoupon_bak" name="freightcoupon">
    <failure message="Could not initialize class com.mls.pay.access.common.CommonTest_bak" type="java.lang.NoClassDefFoundError">java.lang.NoClassDefFoundError: Could not initialize class com.mls.pay.access.common.CommonTest_bak
	at com.mls.pay.access.testcase.FreightCoupon_bak.freightcoupon(FreightCoupon_bak.java:63)
</failure>
  </testcase>
  <testcase time="0.001" classname="com.mls.pay.access.testcase.FreightCoupon_bak" name="freightcoupon">
    <failure message="Could not initialize class com.mls.pay.access.common.CommonTest_bak" type="java.lang.NoClassDefFoundError">java.lang.NoClassDefFoundError: Could not initialize class com.mls.pay.access.common.CommonTest_bak
	at com.mls.pay.access.testcase.FreightCoupon_bak.freightcoupon(FreightCoupon_bak.java:63)
</failure>
  </testcase>
  <testcase time="0" classname="com.mls.pay.access.testcase.FreightCoupon_bak" name="freightcoupon">
    <failure message="Could not initialize class com.mls.pay.access.common.CommonTest_bak" type="java.lang.NoClassDefFoundError">java.lang.NoClassDefFoundError: Could not initialize class com.mls.pay.access.common.CommonTest_bak
	at com.mls.pay.access.testcase.FreightCoupon_bak.freightcoupon(FreightCoupon_bak.java:63)
</failure>
  </testcase>
  <testcase time="0.001" classname="com.mls.pay.access.testcase.FreightCoupon_bak" name="freightcoupon">
    <failure message="Could not initialize class com.mls.pay.access.common.CommonTest_bak" type="java.lang.NoClassDefFoundError">java.lang.NoClassDefFoundError: Could not initialize class com.mls.pay.access.common.CommonTest_bak
	at com.mls.pay.access.testcase.FreightCoupon_bak.freightcoupon(FreightCoupon_bak.java:63)
</failure>
  </testcase>
  <testcase time="0.005" classname="com.mls.pay.access.testcase.FreightCoupon_bak" name="freightcoupon">
    <failure message="Could not initialize class com.mls.pay.access.common.CommonTest_bak" type="java.lang.NoClassDefFoundError">java.lang.NoClassDefFoundError: Could not initialize class com.mls.pay.access.common.CommonTest_bak
	at com.mls.pay.access.testcase.FreightCoupon_bak.freightcoupon(FreightCoupon_bak.java:63)
</failure>
  </testcase>
  <testcase time="0" classname="com.mls.pay.access.testcase.FreightCoupon_bak" name="freightcoupon">
    <failure message="Could not initialize class com.mls.pay.access.common.CommonTest_bak" type="java.lang.NoClassDefFoundError">java.lang.NoClassDefFoundError: Could not initialize class com.mls.pay.access.common.CommonTest_bak
	at com.mls.pay.access.testcase.FreightCoupon_bak.freightcoupon(FreightCoupon_bak.java:63)
</failure>
  </testcase>
  <testcase time="0.001" classname="com.mls.pay.access.testcase.FreightCoupon_bak" name="freightcoupon">
    <failure message="Could not initialize class com.mls.pay.access.common.CommonTest_bak" type="java.lang.NoClassDefFoundError">java.lang.NoClassDefFoundError: Could not initialize class com.mls.pay.access.common.CommonTest_bak
	at com.mls.pay.access.testcase.FreightCoupon_bak.freightcoupon(FreightCoupon_bak.java:63)
</failure>
  </testcase>
  <testcase time="0.001" classname="com.mls.pay.access.testcase.FreightCoupon_bak" name="freightcoupon">
    <failure message="Could not initialize class com.mls.pay.access.common.CommonTest_bak" type="java.lang.NoClassDefFoundError">java.lang.NoClassDefFoundError: Could not initialize class com.mls.pay.access.common.CommonTest_bak
	at com.mls.pay.access.testcase.FreightCoupon_bak.freightcoupon(FreightCoupon_bak.java:63)
</failure>
  </testcase>
  <testcase time="0" classname="com.mls.pay.access.testcase.FreightCoupon_bak" name="freightcoupon">
    <failure message="Could not initialize class com.mls.pay.access.common.CommonTest_bak" type="java.lang.NoClassDefFoundError">java.lang.NoClassDefFoundError: Could not initialize class com.mls.pay.access.common.CommonTest_bak
	at com.mls.pay.access.testcase.FreightCoupon_bak.freightcoupon(FreightCoupon_bak.java:63)
</failure>
  </testcase>
  <testcase time="0" classname="com.mls.pay.access.testcase.FreightCoupon_bak" name="freightcoupon">
    <failure message="Could not initialize class com.mls.pay.access.common.CommonTest_bak" type="java.lang.NoClassDefFoundError">java.lang.NoClassDefFoundError: Could not initialize class com.mls.pay.access.common.CommonTest_bak
	at com.mls.pay.access.testcase.FreightCoupon_bak.freightcoupon(FreightCoupon_bak.java:63)
</failure>
  </testcase>
  <testcase time="0.002" classname="com.mls.pay.access.testcase.FreightCoupon_bak" name="freightcoupon">
    <failure message="Could not initialize class com.mls.pay.access.common.CommonTest_bak" type="java.lang.NoClassDefFoundError">java.lang.NoClassDefFoundError: Could not initialize class com.mls.pay.access.common.CommonTest_bak
	at com.mls.pay.access.testcase.FreightCoupon_bak.freightcoupon(FreightCoupon_bak.java:63)
</failure>
  </testcase>
  <testcase time="0.001" classname="com.mls.pay.access.testcase.FreightCoupon_bak" name="freightcoupon">
    <failure message="Could not initialize class com.mls.pay.access.common.CommonTest_bak" type="java.lang.NoClassDefFoundError">java.lang.NoClassDefFoundError: Could not initialize class com.mls.pay.access.common.CommonTest_bak
	at com.mls.pay.access.testcase.FreightCoupon_bak.freightcoupon(FreightCoupon_bak.java:63)
</failure>
  </testcase>
  <testcase time="0" classname="com.mls.pay.access.testcase.FreightCoupon_bak" name="freightcoupon">
    <failure message="Could not initialize class com.mls.pay.access.common.CommonTest_bak" type="java.lang.NoClassDefFoundError">java.lang.NoClassDefFoundError: Could not initialize class com.mls.pay.access.common.CommonTest_bak
	at com.mls.pay.access.testcase.FreightCoupon_bak.freightcoupon(FreightCoupon_bak.java:63)
</failure>
  </testcase>
  <testcase time="0.001" classname="com.mls.pay.access.testcase.FreightCoupon_bak" name="freightcoupon">
    <failure message="Could not initialize class com.mls.pay.access.common.CommonTest_bak" type="java.lang.NoClassDefFoundError">java.lang.NoClassDefFoundError: Could not initialize class com.mls.pay.access.common.CommonTest_bak
	at com.mls.pay.access.testcase.FreightCoupon_bak.freightcoupon(FreightCoupon_bak.java:63)
</failure>
  </testcase>
  <testcase time="0.001" classname="com.mls.pay.access.testcase.FreightCoupon_bak" name="freightcoupon">
    <failure message="Could not initialize class com.mls.pay.access.common.CommonTest_bak" type="java.lang.NoClassDefFoundError">java.lang.NoClassDefFoundError: Could not initialize class com.mls.pay.access.common.CommonTest_bak
	at com.mls.pay.access.testcase.FreightCoupon_bak.freightcoupon(FreightCoupon_bak.java:63)
</failure>
  </testcase>
  <testcase time="0.001" classname="com.mls.pay.access.testcase.FreightCoupon_bak" name="freightcoupon">
    <failure message="Could not initialize class com.mls.pay.access.common.CommonTest_bak" type="java.lang.NoClassDefFoundError">java.lang.NoClassDefFoundError: Could not initialize class com.mls.pay.access.common.CommonTest_bak
	at com.mls.pay.access.testcase.FreightCoupon_bak.freightcoupon(FreightCoupon_bak.java:63)
</failure>
  </testcase>
  <testcase time="0.001" classname="com.mls.pay.access.testcase.FreightCoupon_bak" name="freightcoupon">
    <failure message="Could not initialize class com.mls.pay.access.common.CommonTest_bak" type="java.lang.NoClassDefFoundError">java.lang.NoClassDefFoundError: Could not initialize class com.mls.pay.access.common.CommonTest_bak
	at com.mls.pay.access.testcase.FreightCoupon_bak.freightcoupon(FreightCoupon_bak.java:63)
</failure>
  </testcase>
  <testcase time="0" classname="com.mls.pay.access.testcase.FreightCoupon_bak" name="freightcoupon">
    <failure message="Could not initialize class com.mls.pay.access.common.CommonTest_bak" type="java.lang.NoClassDefFoundError">java.lang.NoClassDefFoundError: Could not initialize class com.mls.pay.access.common.CommonTest_bak
	at com.mls.pay.access.testcase.FreightCoupon_bak.freightcoupon(FreightCoupon_bak.java:63)
</failure>
  </testcase>
  <testcase time="0.001" classname="com.mls.pay.access.testcase.FreightCoupon_bak" name="freightcoupon">
    <failure message="Could not initialize class com.mls.pay.access.common.CommonTest_bak" type="java.lang.NoClassDefFoundError">java.lang.NoClassDefFoundError: Could not initialize class com.mls.pay.access.common.CommonTest_bak
	at com.mls.pay.access.testcase.FreightCoupon_bak.freightcoupon(FreightCoupon_bak.java:63)
</failure>
  </testcase>
  <testcase time="0.001" classname="com.mls.pay.access.testcase.FreightCoupon_bak" name="freightcoupon">
    <failure message="Could not initialize class com.mls.pay.access.common.CommonTest_bak" type="java.lang.NoClassDefFoundError">java.lang.NoClassDefFoundError: Could not initialize class com.mls.pay.access.common.CommonTest_bak
	at com.mls.pay.access.testcase.FreightCoupon_bak.freightcoupon(FreightCoupon_bak.java:63)
</failure>
  </testcase>
  <testcase time="0.001" classname="com.mls.pay.access.testcase.FreightCoupon_bak" name="freightcoupon">
    <failure message="Could not initialize class com.mls.pay.access.common.CommonTest_bak" type="java.lang.NoClassDefFoundError">java.lang.NoClassDefFoundError: Could not initialize class com.mls.pay.access.common.CommonTest_bak
	at com.mls.pay.access.testcase.FreightCoupon_bak.freightcoupon(FreightCoupon_bak.java:63)
</failure>
  </testcase>
  <testcase time="0" classname="com.mls.pay.access.testcase.FreightCoupon_bak" name="freightcoupon">
    <failure message="Could not initialize class com.mls.pay.access.common.CommonTest_bak" type="java.lang.NoClassDefFoundError">java.lang.NoClassDefFoundError: Could not initialize class com.mls.pay.access.common.CommonTest_bak
	at com.mls.pay.access.testcase.FreightCoupon_bak.freightcoupon(FreightCoupon_bak.java:63)
</failure>
  </testcase>
  <testcase time="0.001" classname="com.mls.pay.access.testcase.FreightCoupon_bak" name="freightcoupon">
    <failure message="Could not initialize class com.mls.pay.access.common.CommonTest_bak" type="java.lang.NoClassDefFoundError">java.lang.NoClassDefFoundError: Could not initialize class com.mls.pay.access.common.CommonTest_bak
	at com.mls.pay.access.testcase.FreightCoupon_bak.freightcoupon(FreightCoupon_bak.java:63)
</failure>
  </testcase>
  <testcase time="0" classname="com.mls.pay.access.testcase.FreightWalletPay_bak" name="freightwalletpay">
    <failure message="Could not initialize class com.mls.pay.access.common.CommonTest_bak" type="java.lang.NoClassDefFoundError">java.lang.NoClassDefFoundError: Could not initialize class com.mls.pay.access.common.CommonTest_bak
	at com.mls.pay.access.testcase.FreightWalletPay_bak.freightwalletpay(FreightWalletPay_bak.java:62)
</failure>
    <system-out>methodname= freightwalletpay
</system-out>
    <system-err>Warning:  Property storage name for 5 is empty - setting to Root Entry
</system-err>
  </testcase>
  <testcase time="0" classname="com.mls.pay.access.testcase.FreightWalletPay_bak" name="freightwalletpay">
    <failure message="Could not initialize class com.mls.pay.access.common.CommonTest_bak" type="java.lang.NoClassDefFoundError">java.lang.NoClassDefFoundError: Could not initialize class com.mls.pay.access.common.CommonTest_bak
	at com.mls.pay.access.testcase.FreightWalletPay_bak.freightwalletpay(FreightWalletPay_bak.java:62)
</failure>
  </testcase>
  <testcase time="0" classname="com.mls.pay.access.testcase.FreightWalletPay_bak" name="freightwalletpay">
    <failure message="Could not initialize class com.mls.pay.access.common.CommonTest_bak" type="java.lang.NoClassDefFoundError">java.lang.NoClassDefFoundError: Could not initialize class com.mls.pay.access.common.CommonTest_bak
	at com.mls.pay.access.testcase.FreightWalletPay_bak.freightwalletpay(FreightWalletPay_bak.java:62)
</failure>
  </testcase>
  <testcase time="0.001" classname="com.mls.pay.access.testcase.FreightWalletPay_bak" name="freightwalletpay">
    <failure message="Could not initialize class com.mls.pay.access.common.CommonTest_bak" type="java.lang.NoClassDefFoundError">java.lang.NoClassDefFoundError: Could not initialize class com.mls.pay.access.common.CommonTest_bak
	at com.mls.pay.access.testcase.FreightWalletPay_bak.freightwalletpay(FreightWalletPay_bak.java:62)
</failure>
  </testcase>
  <testcase time="0.001" classname="com.mls.pay.access.testcase.FreightWalletPay_bak" name="freightwalletpay">
    <failure message="Could not initialize class com.mls.pay.access.common.CommonTest_bak" type="java.lang.NoClassDefFoundError">java.lang.NoClassDefFoundError: Could not initialize class com.mls.pay.access.common.CommonTest_bak
	at com.mls.pay.access.testcase.FreightWalletPay_bak.freightwalletpay(FreightWalletPay_bak.java:62)
</failure>
  </testcase>
  <testcase time="0.001" classname="com.mls.pay.access.testcase.FreightWalletPay_bak" name="freightwalletpay">
    <failure message="Could not initialize class com.mls.pay.access.common.CommonTest_bak" type="java.lang.NoClassDefFoundError">java.lang.NoClassDefFoundError: Could not initialize class com.mls.pay.access.common.CommonTest_bak
	at com.mls.pay.access.testcase.FreightWalletPay_bak.freightwalletpay(FreightWalletPay_bak.java:62)
</failure>
  </testcase>
  <testcase time="0.001" classname="com.mls.pay.access.testcase.FreightWalletPay_bak" name="freightwalletpay">
    <failure message="Could not initialize class com.mls.pay.access.common.CommonTest_bak" type="java.lang.NoClassDefFoundError">java.lang.NoClassDefFoundError: Could not initialize class com.mls.pay.access.common.CommonTest_bak
	at com.mls.pay.access.testcase.FreightWalletPay_bak.freightwalletpay(FreightWalletPay_bak.java:62)
</failure>
  </testcase>
  <testcase time="0.001" classname="com.mls.pay.access.testcase.FreightWalletPay_bak" name="freightwalletpay">
    <failure message="Could not initialize class com.mls.pay.access.common.CommonTest_bak" type="java.lang.NoClassDefFoundError">java.lang.NoClassDefFoundError: Could not initialize class com.mls.pay.access.common.CommonTest_bak
	at com.mls.pay.access.testcase.FreightWalletPay_bak.freightwalletpay(FreightWalletPay_bak.java:62)
</failure>
  </testcase>
  <testcase time="0.001" classname="com.mls.pay.access.testcase.FreightWalletPay_bak" name="freightwalletpay">
    <failure message="Could not initialize class com.mls.pay.access.common.CommonTest_bak" type="java.lang.NoClassDefFoundError">java.lang.NoClassDefFoundError: Could not initialize class com.mls.pay.access.common.CommonTest_bak
	at com.mls.pay.access.testcase.FreightWalletPay_bak.freightwalletpay(FreightWalletPay_bak.java:62)
</failure>
  </testcase>
  <testcase time="0.001" classname="com.mls.pay.access.testcase.FreightWalletPay_bak" name="freightwalletpay">
    <failure message="Could not initialize class com.mls.pay.access.common.CommonTest_bak" type="java.lang.NoClassDefFoundError">java.lang.NoClassDefFoundError: Could not initialize class com.mls.pay.access.common.CommonTest_bak
	at com.mls.pay.access.testcase.FreightWalletPay_bak.freightwalletpay(FreightWalletPay_bak.java:62)
</failure>
  </testcase>
  <testcase time="0.001" classname="com.mls.pay.access.testcase.FreightWalletPay_bak" name="freightwalletpay">
    <failure message="Could not initialize class com.mls.pay.access.common.CommonTest_bak" type="java.lang.NoClassDefFoundError">java.lang.NoClassDefFoundError: Could not initialize class com.mls.pay.access.common.CommonTest_bak
	at com.mls.pay.access.testcase.FreightWalletPay_bak.freightwalletpay(FreightWalletPay_bak.java:62)
</failure>
  </testcase>
  <testcase time="0" classname="com.mls.pay.access.testcase.FreightWalletPay_bak" name="freightwalletpay">
    <failure message="Could not initialize class com.mls.pay.access.common.CommonTest_bak" type="java.lang.NoClassDefFoundError">java.lang.NoClassDefFoundError: Could not initialize class com.mls.pay.access.common.CommonTest_bak
	at com.mls.pay.access.testcase.FreightWalletPay_bak.freightwalletpay(FreightWalletPay_bak.java:62)
</failure>
  </testcase>
  <testcase time="0" classname="com.mls.pay.access.testcase.FreightWalletPay_bak" name="freightwalletpay">
    <failure message="Could not initialize class com.mls.pay.access.common.CommonTest_bak" type="java.lang.NoClassDefFoundError">java.lang.NoClassDefFoundError: Could not initialize class com.mls.pay.access.common.CommonTest_bak
	at com.mls.pay.access.testcase.FreightWalletPay_bak.freightwalletpay(FreightWalletPay_bak.java:62)
</failure>
  </testcase>
  <testcase time="0.001" classname="com.mls.pay.access.testcase.FreightWalletPay_bak" name="freightwalletpay">
    <failure message="Could not initialize class com.mls.pay.access.common.CommonTest_bak" type="java.lang.NoClassDefFoundError">java.lang.NoClassDefFoundError: Could not initialize class com.mls.pay.access.common.CommonTest_bak
	at com.mls.pay.access.testcase.FreightWalletPay_bak.freightwalletpay(FreightWalletPay_bak.java:62)
</failure>
  </testcase>
  <testcase time="0.001" classname="com.mls.pay.access.testcase.FreightWalletPay_bak" name="freightwalletpay">
    <failure message="Could not initialize class com.mls.pay.access.common.CommonTest_bak" type="java.lang.NoClassDefFoundError">java.lang.NoClassDefFoundError: Could not initialize class com.mls.pay.access.common.CommonTest_bak
	at com.mls.pay.access.testcase.FreightWalletPay_bak.freightwalletpay(FreightWalletPay_bak.java:62)
</failure>
  </testcase>
  <testcase time="0.001" classname="com.mls.pay.access.testcase.FreightWalletPay_bak" name="freightwalletpay">
    <failure message="Could not initialize class com.mls.pay.access.common.CommonTest_bak" type="java.lang.NoClassDefFoundError">java.lang.NoClassDefFoundError: Could not initialize class com.mls.pay.access.common.CommonTest_bak
	at com.mls.pay.access.testcase.FreightWalletPay_bak.freightwalletpay(FreightWalletPay_bak.java:62)
</failure>
  </testcase>
  <testcase time="0.001" classname="com.mls.pay.access.testcase.FreightWalletPay_bak" name="freightwalletpay">
    <failure message="Could not initialize class com.mls.pay.access.common.CommonTest_bak" type="java.lang.NoClassDefFoundError">java.lang.NoClassDefFoundError: Could not initialize class com.mls.pay.access.common.CommonTest_bak
	at com.mls.pay.access.testcase.FreightWalletPay_bak.freightwalletpay(FreightWalletPay_bak.java:62)
</failure>
  </testcase>
  <testcase time="0.001" classname="com.mls.pay.access.testcase.FreightWalletPay_bak" name="freightwalletpay">
    <failure message="Could not initialize class com.mls.pay.access.common.CommonTest_bak" type="java.lang.NoClassDefFoundError">java.lang.NoClassDefFoundError: Could not initialize class com.mls.pay.access.common.CommonTest_bak
	at com.mls.pay.access.testcase.FreightWalletPay_bak.freightwalletpay(FreightWalletPay_bak.java:62)
</failure>
  </testcase>
  <testcase time="0" classname="com.mls.pay.access.testcase.FreightWalletPay_bak" name="freightwalletpay">
    <failure message="Could not initialize class com.mls.pay.access.common.CommonTest_bak" type="java.lang.NoClassDefFoundError">java.lang.NoClassDefFoundError: Could not initialize class com.mls.pay.access.common.CommonTest_bak
	at com.mls.pay.access.testcase.FreightWalletPay_bak.freightwalletpay(FreightWalletPay_bak.java:62)
</failure>
  </testcase>
  <testcase time="0.001" classname="com.mls.pay.access.testcase.FreightWalletPay_bak" name="freightwalletpay">
    <failure message="Could not initialize class com.mls.pay.access.common.CommonTest_bak" type="java.lang.NoClassDefFoundError">java.lang.NoClassDefFoundError: Could not initialize class com.mls.pay.access.common.CommonTest_bak
	at com.mls.pay.access.testcase.FreightWalletPay_bak.freightwalletpay(FreightWalletPay_bak.java:62)
</failure>
  </testcase>
  <testcase time="0.001" classname="com.mls.pay.access.testcase.FreightWalletPay_bak" name="freightwalletpay">
    <failure message="Could not initialize class com.mls.pay.access.common.CommonTest_bak" type="java.lang.NoClassDefFoundError">java.lang.NoClassDefFoundError: Could not initialize class com.mls.pay.access.common.CommonTest_bak
	at com.mls.pay.access.testcase.FreightWalletPay_bak.freightwalletpay(FreightWalletPay_bak.java:62)
</failure>
  </testcase>
  <testcase time="0" classname="com.mls.pay.access.testcase.FreightWalletPay_bak" name="freightwalletpay">
    <failure message="Could not initialize class com.mls.pay.access.common.CommonTest_bak" type="java.lang.NoClassDefFoundError">java.lang.NoClassDefFoundError: Could not initialize class com.mls.pay.access.common.CommonTest_bak
	at com.mls.pay.access.testcase.FreightWalletPay_bak.freightwalletpay(FreightWalletPay_bak.java:62)
</failure>
  </testcase>
  <testcase time="0.001" classname="com.mls.pay.access.testcase.FreightWalletPay_bak" name="freightwalletpay">
    <failure message="Could not initialize class com.mls.pay.access.common.CommonTest_bak" type="java.lang.NoClassDefFoundError">java.lang.NoClassDefFoundError: Could not initialize class com.mls.pay.access.common.CommonTest_bak
	at com.mls.pay.access.testcase.FreightWalletPay_bak.freightwalletpay(FreightWalletPay_bak.java:62)
</failure>
  </testcase>
  <testcase time="0" classname="com.mls.pay.access.testcase.FreightWalletPay_bak" name="freightwalletpay">
    <failure message="Could not initialize class com.mls.pay.access.common.CommonTest_bak" type="java.lang.NoClassDefFoundError">java.lang.NoClassDefFoundError: Could not initialize class com.mls.pay.access.common.CommonTest_bak
	at com.mls.pay.access.testcase.FreightWalletPay_bak.freightwalletpay(FreightWalletPay_bak.java:62)
</failure>
  </testcase>
  <testcase time="0.001" classname="com.mls.pay.access.testcase.FreightWalletPay_bak" name="freightwalletpay">
    <failure message="Could not initialize class com.mls.pay.access.common.CommonTest_bak" type="java.lang.NoClassDefFoundError">java.lang.NoClassDefFoundError: Could not initialize class com.mls.pay.access.common.CommonTest_bak
	at com.mls.pay.access.testcase.FreightWalletPay_bak.freightwalletpay(FreightWalletPay_bak.java:62)
</failure>
  </testcase>
  <testcase time="0.001" classname="com.mls.pay.access.testcase.FreightWalletPay_bak" name="freightwalletpay">
    <failure message="Could not initialize class com.mls.pay.access.common.CommonTest_bak" type="java.lang.NoClassDefFoundError">java.lang.NoClassDefFoundError: Could not initialize class com.mls.pay.access.common.CommonTest_bak
	at com.mls.pay.access.testcase.FreightWalletPay_bak.freightwalletpay(FreightWalletPay_bak.java:62)
</failure>
  </testcase>
  <testcase time="0" classname="com.mls.pay.access.testcase.FreightWalletPay_bak" name="freightwalletpay">
    <failure message="Could not initialize class com.mls.pay.access.common.CommonTest_bak" type="java.lang.NoClassDefFoundError">java.lang.NoClassDefFoundError: Could not initialize class com.mls.pay.access.common.CommonTest_bak
	at com.mls.pay.access.testcase.FreightWalletPay_bak.freightwalletpay(FreightWalletPay_bak.java:62)
</failure>
  </testcase>
  <testcase time="0" classname="com.mls.pay.access.testcase.FreightWalletPay_bak" name="freightwalletpay">
    <failure message="Could not initialize class com.mls.pay.access.common.CommonTest_bak" type="java.lang.NoClassDefFoundError">java.lang.NoClassDefFoundError: Could not initialize class com.mls.pay.access.common.CommonTest_bak
	at com.mls.pay.access.testcase.FreightWalletPay_bak.freightwalletpay(FreightWalletPay_bak.java:62)
</failure>
  </testcase>
  <testcase time="0" classname="com.mls.pay.access.testcase.FreightWalletPay_bak" name="freightwalletpay">
    <failure message="Could not initialize class com.mls.pay.access.common.CommonTest_bak" type="java.lang.NoClassDefFoundError">java.lang.NoClassDefFoundError: Could not initialize class com.mls.pay.access.common.CommonTest_bak
	at com.mls.pay.access.testcase.FreightWalletPay_bak.freightwalletpay(FreightWalletPay_bak.java:62)
</failure>
  </testcase>
  <testcase time="0" classname="com.mls.pay.access.testcase.FreightWalletPay_bak" name="freightwalletpay">
    <failure message="Could not initialize class com.mls.pay.access.common.CommonTest_bak" type="java.lang.NoClassDefFoundError">java.lang.NoClassDefFoundError: Could not initialize class com.mls.pay.access.common.CommonTest_bak
	at com.mls.pay.access.testcase.FreightWalletPay_bak.freightwalletpay(FreightWalletPay_bak.java:62)
</failure>
  </testcase>
  <testcase time="0.001" classname="com.mls.pay.access.testcase.SeveralGoods_bak" name="severalgoods">
    <failure message="Could not initialize class com.mls.pay.access.common.CommonTest_bak" type="java.lang.NoClassDefFoundError">java.lang.NoClassDefFoundError: Could not initialize class com.mls.pay.access.common.CommonTest_bak
	at com.mls.pay.access.testcase.SeveralGoods_bak.severalgoods(SeveralGoods_bak.java:60)
</failure>
    <system-out>methodname= severalgoods
</system-out>
    <system-err>Warning:  Property storage name for 5 is empty - setting to Root Entry
</system-err>
  </testcase>
  <testcase time="0" classname="com.mls.pay.access.testcase.SeveralGoods_bak" name="severalgoods">
    <failure message="Could not initialize class com.mls.pay.access.common.CommonTest_bak" type="java.lang.NoClassDefFoundError">java.lang.NoClassDefFoundError: Could not initialize class com.mls.pay.access.common.CommonTest_bak
	at com.mls.pay.access.testcase.SeveralGoods_bak.severalgoods(SeveralGoods_bak.java:60)
</failure>
  </testcase>
  <testcase time="0.001" classname="com.mls.pay.access.testcase.SeveralGoods_bak" name="severalgoods">
    <failure message="Could not initialize class com.mls.pay.access.common.CommonTest_bak" type="java.lang.NoClassDefFoundError">java.lang.NoClassDefFoundError: Could not initialize class com.mls.pay.access.common.CommonTest_bak
	at com.mls.pay.access.testcase.SeveralGoods_bak.severalgoods(SeveralGoods_bak.java:60)
</failure>
  </testcase>
  <testcase time="0" classname="com.mls.pay.access.testcase.SeveralGoods_bak" name="severalgoods">
    <failure message="Could not initialize class com.mls.pay.access.common.CommonTest_bak" type="java.lang.NoClassDefFoundError">java.lang.NoClassDefFoundError: Could not initialize class com.mls.pay.access.common.CommonTest_bak
	at com.mls.pay.access.testcase.SeveralGoods_bak.severalgoods(SeveralGoods_bak.java:60)
</failure>
  </testcase>
  <testcase time="0" classname="com.mls.pay.access.testcase.SeveralGoods_bak" name="severalgoods">
    <failure message="Could not initialize class com.mls.pay.access.common.CommonTest_bak" type="java.lang.NoClassDefFoundError">java.lang.NoClassDefFoundError: Could not initialize class com.mls.pay.access.common.CommonTest_bak
	at com.mls.pay.access.testcase.SeveralGoods_bak.severalgoods(SeveralGoods_bak.java:60)
</failure>
  </testcase>
  <testcase time="0.001" classname="com.mls.pay.access.testcase.SeveralGoods_bak" name="severalgoods">
    <failure message="Could not initialize class com.mls.pay.access.common.CommonTest_bak" type="java.lang.NoClassDefFoundError">java.lang.NoClassDefFoundError: Could not initialize class com.mls.pay.access.common.CommonTest_bak
	at com.mls.pay.access.testcase.SeveralGoods_bak.severalgoods(SeveralGoods_bak.java:60)
</failure>
  </testcase>
  <testcase time="0.001" classname="com.mls.pay.access.testcase.SeveralGoods_bak" name="severalgoods">
    <failure message="Could not initialize class com.mls.pay.access.common.CommonTest_bak" type="java.lang.NoClassDefFoundError">java.lang.NoClassDefFoundError: Could not initialize class com.mls.pay.access.common.CommonTest_bak
	at com.mls.pay.access.testcase.SeveralGoods_bak.severalgoods(SeveralGoods_bak.java:60)
</failure>
  </testcase>
  <testcase time="0" classname="com.mls.pay.access.testcase.SeveralGoods_bak" name="severalgoods">
    <failure message="Could not initialize class com.mls.pay.access.common.CommonTest_bak" type="java.lang.NoClassDefFoundError">java.lang.NoClassDefFoundError: Could not initialize class com.mls.pay.access.common.CommonTest_bak
	at com.mls.pay.access.testcase.SeveralGoods_bak.severalgoods(SeveralGoods_bak.java:60)
</failure>
  </testcase>
  <testcase time="0.001" classname="com.mls.pay.access.testcase.SeveralGoods_bak" name="severalgoods">
    <failure message="Could not initialize class com.mls.pay.access.common.CommonTest_bak" type="java.lang.NoClassDefFoundError">java.lang.NoClassDefFoundError: Could not initialize class com.mls.pay.access.common.CommonTest_bak
	at com.mls.pay.access.testcase.SeveralGoods_bak.severalgoods(SeveralGoods_bak.java:60)
</failure>
  </testcase>
  <testcase time="0" classname="com.mls.pay.access.testcase.SeveralGoods_bak" name="severalgoods">
    <failure message="Could not initialize class com.mls.pay.access.common.CommonTest_bak" type="java.lang.NoClassDefFoundError">java.lang.NoClassDefFoundError: Could not initialize class com.mls.pay.access.common.CommonTest_bak
	at com.mls.pay.access.testcase.SeveralGoods_bak.severalgoods(SeveralGoods_bak.java:60)
</failure>
  </testcase>
  <testcase time="0" classname="com.mls.pay.access.testcase.SeveralGoods_bak" name="severalgoods">
    <failure message="Could not initialize class com.mls.pay.access.common.CommonTest_bak" type="java.lang.NoClassDefFoundError">java.lang.NoClassDefFoundError: Could not initialize class com.mls.pay.access.common.CommonTest_bak
	at com.mls.pay.access.testcase.SeveralGoods_bak.severalgoods(SeveralGoods_bak.java:60)
</failure>
  </testcase>
  <testcase time="0.001" classname="com.mls.pay.access.testcase.SeveralGoods_bak" name="severalgoods">
    <failure message="Could not initialize class com.mls.pay.access.common.CommonTest_bak" type="java.lang.NoClassDefFoundError">java.lang.NoClassDefFoundError: Could not initialize class com.mls.pay.access.common.CommonTest_bak
	at com.mls.pay.access.testcase.SeveralGoods_bak.severalgoods(SeveralGoods_bak.java:60)
</failure>
  </testcase>
  <testcase time="0" classname="com.mls.pay.access.testcase.SeveralGoods_bak" name="severalgoods">
    <failure message="Could not initialize class com.mls.pay.access.common.CommonTest_bak" type="java.lang.NoClassDefFoundError">java.lang.NoClassDefFoundError: Could not initialize class com.mls.pay.access.common.CommonTest_bak
	at com.mls.pay.access.testcase.SeveralGoods_bak.severalgoods(SeveralGoods_bak.java:60)
</failure>
  </testcase>
  <testcase time="0" classname="com.mls.pay.access.testcase.SeveralGoods_bak" name="severalgoods">
    <failure message="Could not initialize class com.mls.pay.access.common.CommonTest_bak" type="java.lang.NoClassDefFoundError">java.lang.NoClassDefFoundError: Could not initialize class com.mls.pay.access.common.CommonTest_bak
	at com.mls.pay.access.testcase.SeveralGoods_bak.severalgoods(SeveralGoods_bak.java:60)
</failure>
  </testcase>
  <testcase time="0" classname="com.mls.pay.access.testcase.SeveralGoods_bak" name="severalgoods">
    <failure message="Could not initialize class com.mls.pay.access.common.CommonTest_bak" type="java.lang.NoClassDefFoundError">java.lang.NoClassDefFoundError: Could not initialize class com.mls.pay.access.common.CommonTest_bak
	at com.mls.pay.access.testcase.SeveralGoods_bak.severalgoods(SeveralGoods_bak.java:60)
</failure>
  </testcase>
  <testcase time="0.001" classname="com.mls.pay.access.testcase.SeveralGoods_bak" name="severalgoods">
    <failure message="Could not initialize class com.mls.pay.access.common.CommonTest_bak" type="java.lang.NoClassDefFoundError">java.lang.NoClassDefFoundError: Could not initialize class com.mls.pay.access.common.CommonTest_bak
	at com.mls.pay.access.testcase.SeveralGoods_bak.severalgoods(SeveralGoods_bak.java:60)
</failure>
  </testcase>
  <testcase time="0" classname="com.mls.pay.access.testcase.SeveralGoods_bak" name="severalgoods">
    <failure message="Could not initialize class com.mls.pay.access.common.CommonTest_bak" type="java.lang.NoClassDefFoundError">java.lang.NoClassDefFoundError: Could not initialize class com.mls.pay.access.common.CommonTest_bak
	at com.mls.pay.access.testcase.SeveralGoods_bak.severalgoods(SeveralGoods_bak.java:60)
</failure>
  </testcase>
  <testcase time="0" classname="com.mls.pay.access.testcase.SeveralGoods_bak" name="severalgoods">
    <failure message="Could not initialize class com.mls.pay.access.common.CommonTest_bak" type="java.lang.NoClassDefFoundError">java.lang.NoClassDefFoundError: Could not initialize class com.mls.pay.access.common.CommonTest_bak
	at com.mls.pay.access.testcase.SeveralGoods_bak.severalgoods(SeveralGoods_bak.java:60)
</failure>
  </testcase>
  <testcase time="0" classname="com.mls.pay.access.testcase.SeveralGoods_bak" name="severalgoods">
    <failure message="Could not initialize class com.mls.pay.access.common.CommonTest_bak" type="java.lang.NoClassDefFoundError">java.lang.NoClassDefFoundError: Could not initialize class com.mls.pay.access.common.CommonTest_bak
	at com.mls.pay.access.testcase.SeveralGoods_bak.severalgoods(SeveralGoods_bak.java:60)
</failure>
  </testcase>
  <testcase time="0" classname="com.mls.pay.access.testcase.SeveralGoods_bak" name="severalgoods">
    <failure message="Could not initialize class com.mls.pay.access.common.CommonTest_bak" type="java.lang.NoClassDefFoundError">java.lang.NoClassDefFoundError: Could not initialize class com.mls.pay.access.common.CommonTest_bak
	at com.mls.pay.access.testcase.SeveralGoods_bak.severalgoods(SeveralGoods_bak.java:60)
</failure>
  </testcase>
  <testcase time="0.001" classname="com.mls.pay.access.testcase.SeveralGoods_bak" name="severalgoods">
    <failure message="Could not initialize class com.mls.pay.access.common.CommonTest_bak" type="java.lang.NoClassDefFoundError">java.lang.NoClassDefFoundError: Could not initialize class com.mls.pay.access.common.CommonTest_bak
	at com.mls.pay.access.testcase.SeveralGoods_bak.severalgoods(SeveralGoods_bak.java:60)
</failure>
  </testcase>
  <testcase time="0" classname="com.mls.pay.access.testcase.SeveralGoods_bak" name="severalgoods">
    <failure message="Could not initialize class com.mls.pay.access.common.CommonTest_bak" type="java.lang.NoClassDefFoundError">java.lang.NoClassDefFoundError: Could not initialize class com.mls.pay.access.common.CommonTest_bak
	at com.mls.pay.access.testcase.SeveralGoods_bak.severalgoods(SeveralGoods_bak.java:60)
</failure>
  </testcase>
</testsuite>